mode: set
github.com/GP-3-Kelompok-2/airbnb-app-project/features/reservation/service/logic.go:15.77,19.2 1 1
github.com/GP-3-Kelompok-2/airbnb-app-project/features/reservation/service/logic.go:22.122,24.16 2 1
github.com/GP-3-Kelompok-2/airbnb-app-project/features/reservation/service/logic.go:28.2,28.18 1 1
github.com/GP-3-Kelompok-2/airbnb-app-project/features/reservation/service/logic.go:24.16,27.3 1 1
github.com/GP-3-Kelompok-2/airbnb-app-project/features/reservation/service/logic.go:32.91,34.16 2 1
github.com/GP-3-Kelompok-2/airbnb-app-project/features/reservation/service/logic.go:38.2,38.12 1 1
github.com/GP-3-Kelompok-2/airbnb-app-project/features/reservation/service/logic.go:34.16,36.3 1 1
github.com/GP-3-Kelompok-2/airbnb-app-project/features/reservation/service/logic.go:42.102,44.16 2 1
github.com/GP-3-Kelompok-2/airbnb-app-project/features/reservation/service/logic.go:48.2,48.18 1 1
github.com/GP-3-Kelompok-2/airbnb-app-project/features/reservation/service/logic.go:44.16,47.3 1 1
